[0m17:57:41.474388 [debug] [MainThread]: Sending event: {'category': 'dbt', 'action': 'invocation', 'label': 'start', 'context': [<snowplow_tracker.self_describing_json.SelfDescribingJson object at 0x0000015D05DE9290>, <snowplow_tracker.self_describing_json.SelfDescribingJson object at 0x0000015D05DE9D10>, <snowplow_tracker.self_describing_json.SelfDescribingJson object at 0x0000015D05DEA450>]}


============================== 17:57:41.474388 | 7c1ceee4-7d1d-418e-bd4f-e26bc28c2e6d ==============================
[0m17:57:41.474388 [info ] [MainThread]: Running with dbt=1.9.1
[0m17:57:41.474388 [debug] [MainThread]: running dbt with arguments {'printer_width': '80', 'indirect_selection': 'eager', 'write_json': 'True', 'log_cache_events': 'False', 'partial_parse': 'True', 'cache_selected_only': 'False', 'profiles_dir': 'C:\\Users\\Benny\\.dbt', 'version_check': 'True', 'debug': 'False', 'log_path': 'logs', 'fail_fast': 'False', 'warn_error': 'None', 'use_colors': 'True', 'use_experimental_parser': 'False', 'no_print': 'None', 'quiet': 'False', 'empty': 'None', 'log_format': 'default', 'introspect': 'True', 'warn_error_options': 'WarnErrorOptions(include=[], exclude=[])', 'static_parser': 'True', 'target_path': 'None', 'invocation_command': 'dbt init sales_project', 'send_anonymous_usage_stats': 'True'}
[0m17:57:41.549086 [debug] [MainThread]: Starter project path: C:\Users\Benny\projects\sales_data_pipeline\sales_data_venv\Lib\site-packages\dbt\include\starter_project
[0m17:57:41.571486 [info ] [MainThread]: 
Your new dbt project "sales_project" was created!

For more information on how to configure the profiles.yml file,
please consult the dbt documentation here:

  https://docs.getdbt.com/docs/configure-your-profile

One more thing:

Need help? Don't hesitate to reach out to us via GitHub issues or on Slack:

  https://community.getdbt.com/

Happy modeling!

[0m17:57:41.571486 [info ] [MainThread]: Setting up your profile.
[0m18:00:13.372753 [info ] [MainThread]: Profile sales_project written to C:\Users\Benny\.dbt\profiles.yml using target's profile_template.yml and your supplied values. Run 'dbt debug' to validate the connection.
[0m18:00:13.389509 [debug] [MainThread]: Command `dbt init` succeeded at 18:00:13.389509 after 152.00 seconds
[0m18:00:13.390778 [debug] [MainThread]: Sending event: {'category': 'dbt', 'action': 'invocation', 'label': 'end', 'context': [<snowplow_tracker.self_describing_json.SelfDescribingJson object at 0x0000015D7F83FE90>, <snowplow_tracker.self_describing_json.SelfDescribingJson object at 0x0000015D7F83FF10>, <snowplow_tracker.self_describing_json.SelfDescribingJson object at 0x0000015D05D8F310>]}
[0m18:00:13.391832 [debug] [MainThread]: Flushing usage events
[0m18:00:13.698695 [debug] [MainThread]: An error was encountered while trying to flush usage events
